python main.py --mode=eval --model_name=efficientdet-d0 --model_dir=models/efficientdet-d0/ --validation_file_pattern=tfrecord/ILSVRC2014* --eval_samples=20120 --val_json_file=data/annotations/ILSVRC2014_val-mod.json
2020-11-06 02:38:20.314050: W tensorflow/stream_executor/platform/default/dso_loader.cc:59] Could not load dynamic library 'cudart64_101.dll'; dlerror: cudart64_101.dll not found
2020-11-06 02:38:20.314297: I tensorflow/stream_executor/cuda/cudart_stub.cc:29] Ignore above cudart dlerror if you do not have a GPU set up on your machine.
I1106 02:38:22.064607 107564 main.py:228] {'name': 'efficientdet-d0', 'act_type': 'swish', 'image_size': (512, 512), 'target_size': None, 'input_rand_hflip': True, 'jitter_min': 0.1, 'jitter_max': 2.0, 'autoaugment_policy': None, 'use_augmix': False, 'grid_mask': False, 'augmix_params': [3, -1, 1], 'sample_image': None, 'num_classes': 90, 'seg_num_classes': 3, 'heads': ['object_detection'], 'skip_crowd_during_training': True, 'label_map': {1: 'person', 2: 'bicycle', 3: 'car', 4: 'motorcycle', 5: 'airplane', 6: 'bus', 7: 'train', 8: 'axe', 9: 'baby bed', 10: 'traffic light', 11: 'bagel', 12: 'balance beam', 13: 'crutch', 14: 'band aid', 15: 'bench', 16: 'bird', 17: 'basketball', 18: 'dog', 19: 'horse', 20: 'sheep', 21: 'bee', 22: 'elephant', 23: 'bear', 24: 'zebra', 25: 'binder', 26: 'baseball', 27: 'backpack', 28: 'bow tie', 29: 'bow', 30: 'croquet ball', 31: 'brassiere', 32: 'tie', 33: 'armadillo', 34: 'butterfly', 35: 'camel', 36: 'can opener', 37: 'ant', 38: 'cart', 39: 'cattle', 40: 'cello', 41: 'centipede', 42: 'chain saw', 43: 'dumbbell', 44: 'chime', 45: 'cocktail shaker', 46: 'coffee maker', 47: 'computer keyboard', 48: 'computer mouse', 49: 'corkscrew', 50: 'cream', 51: 'bowl', 52: 'banana', 53: 'apple', 54: 'cup or mug', 55: 'orange', 56: 'digital clock', 57: 'dishwasher', 58: 'bathing cap', 59: 'pizza', 60: 'dragonfly', 61: 'drum', 62: 'chair', 63: 'electric fan', 64: 'bell pepper', 65: 'face powder', 66: 'fig', 67: 'filing cabinet', 68: 'flower pot', 69: 'flute', 70: 'fox', 71: 'french horn', 72: 'frog', 73: 'laptop', 74: 'giant panda', 75: 'goldfish', 76: 'golf ball', 77: 'golfcart', 78: 'microwave', 79: 'guitar', 80: 'toaster', 81: 'hair spray', 82: 'refrigerator', 83: 'hammer', 84: 'hamster', 85: 'harmonica', 86: 'harp', 87: 'hat with a wide brim', 88: 'head cabbage', 89: 'helmet', 90: 'hippopotamus', 91: 'horizontal bar', 92: 'beaker', 93: 'hotdog', 94: 'iPod', 95: 'isopod', 96: 'jellyfish', 97: 'koala bear', 98: 'ladle', 99: 'ladybug', 100: 'lamp', 101: 'frying pan', 102: 'lemon', 103: 'lion', 104: 'lipstick', 105: 'lizard', 106: 'lobster', 107: 'maillot', 108: 'maraca', 109: 'microphone', 110: 'guacamole', 111: 'milk can', 112: 'miniskirt', 113: 'monkey', 114: 'antelope', 115: 'mushroom', 116: 'nail', 117: 'neck brace', 118: 'oboe', 119: 'diaper', 120: 'otter', 121: 'pencil box', 122: 'pencil sharpener', 123: 'perfume', 124: 'accordion', 125: 'piano', 126: 'pineapple', 127: 'ping-pong ball', 128: 'pitcher', 129: 'domestic cat', 130: 'plastic bag', 131: 'plate rack', 132: 'pomegranate', 133: 'popsicle', 134: 'porcupine', 135: 'power drill', 136: 'pretzel', 137: 'printer', 138: 'puck', 139: 'punching bag', 140: 'purse', 141: 'rabbit', 142: 'racket', 143: 'ray', 144: 'red panda', 145: 'hamburger', 146: 'remote control', 147: 'rubber eraser', 148: 'rugby ball', 149: 'ruler', 150: 'salt or pepper shaker', 151: 'saxophone', 152: 'scorpion', 153: 'screwdriver', 154: 'seal', 155: 'banjo', 156: 'ski', 157: 'skunk', 158: 'snail', 159: 'snake', 160: 'snowmobile', 161: 'snowplow', 162: 'soap dispenser', 163: 'soccer ball', 164: 'sofa', 165: 'spatula', 166: 'squirrel', 167: 'starfish', 168: 'stethoscope', 169: 'stove', 170: 'strainer', 171: 'strawberry', 172: 'stretcher', 173: 'sunglasses', 174: 'swimming trunks', 175: 'swine', 176: 'syringe', 177: 'table', 178: 'tape player', 179: 'tennis ball', 180: 'tick', 181: 'burrito', 182: 'tiger', 183: 'hair dryer', 184: 'bookshelf', 185: 'artichoke', 186: 'trombone', 187: 'trumpet', 188: 'turtle', 189: 'tv or monitor', 190: 'unicycle', 191: 'vacuum', 192: 'violin', 193: 'volleyball', 194: 'waffle iron', 195: 'washer', 196: 'water bottle', 197: 'watercraft', 198: 'whale', 199: 'wine bottle', 200: 'cucumber'}, 'max_instances_per_image': 100, 'regenerate_source_id': False, 'min_level': 3, 'max_level': 7, 'num_scales': 3, 'aspect_ratios': [1.0, 2.0, 0.5], 'anchor_scale': 4.0, 'is_training_bn': True, 'momentum': 0.9, 'optimizer': 'sgd', 'learning_rate': 0.08, 'lr_warmup_init': 0.008, 'lr_warmup_epoch': 1.0, 'first_lr_drop_epoch': 200.0, 'second_lr_drop_epoch': 250.0, 'poly_lr_power': 0.9, 'clip_gradients_norm': 10.0, 'num_epochs': 300, 'data_format': 'channels_last', 'label_smoothing': 0.0, 'alpha': 0.25, 'gamma': 1.5, 'delta': 0.1, 'box_loss_weight': 50.0, 'iou_loss_type': None, 'iou_loss_weight': 1.0, 'weight_decay': 4e-05, 'strategy': None, 'mixed_precision': False, 'model_optimizations': {}, 'box_class_repeats': 3, 'fpn_cell_repeats': 3, 'fpn_num_filters': 64, 'separable_conv': True, 'apply_bn_for_resampling': True, 'conv_after_downsample': False, 'conv_bn_act_pattern': False, 'drop_remainder': True, 'nms_configs': {'method': 'gaussian', 'iou_thresh': None, 'score_thresh': None, 'sigma': None, 'max_nms_inputs': 0, 'max_output_size': 100}, 'fpn_name': None, 'fpn_weight_method': None, 'fpn_config': None, 'survival_prob': None, 'img_summary_steps': None, 'lr_decay_method': 'cosine', 'moving_average_decay': 0.9998, 'ckpt_var_scope': None, 'skip_mismatch': True, 'backbone_name': 'efficientnet-b0', 'backbone_config': None, 'var_freeze_expr': None, 'use_keras_model': True, 'dataset_type': None, 'positives_momentum': None, 'device': {'grad_ckpting': False, 'grad_ckpting_list': ['Add_', 'AddN'], 'nvgpu_logging': False}, 'model_name': 'efficientdet-d0', 'iterations_per_loop': 100, 'model_dir': 'models/efficientdet-d0/', 'num_shards': 8, 'num_examples_per_epoch': 120000, 'backbone_ckpt': '', 'ckpt': None, 'val_json_file': 'data/annotations/ILSVRC2014_val-mod.json', 'testdev_dir': None, 'profile': False, 'mode': 'eval'}
INFO:tensorflow:Using config: {'_model_dir': 'models/efficientdet-d0/', '_tf_random_seed': None, '_save_summary_steps': 100, '_save_checkpoints_steps': 100, '_save_checkpoints_secs': None, '_session_config': allow_soft_placement: true
, '_keep_checkpoint_max': 5, '_keep_checkpoint_every_n_hours': 10000, '_log_step_count_steps': 100, '_train_distribute': None, '_device_fn': None, '_protocol': None, '_eval_distribute': None, '_experimental_distribute': None, '_experimental_max_worker_delay_secs': None, '_session_creation_timeout_secs': 7200, '_service': None, '_cluster_spec': ClusterSpec({}), '_task_type': 'worker', '_task_id': 0, '_global_id_in_cluster': 0, '_master': '', '_evaluation_master': '', '_is_chief': True, '_num_ps_replicas': 0, '_num_worker_replicas': 1}
I1106 02:38:22.127125 107564 estimator.py:191] Using config: {'_model_dir': 'models/efficientdet-d0/', '_tf_random_seed': None, '_save_summary_steps': 100, '_save_checkpoints_steps': 100, '_save_checkpoints_secs': None, '_session_config': allow_soft_placement: true
, '_keep_checkpoint_max': 5, '_keep_checkpoint_every_n_hours': 10000, '_log_step_count_steps': 100, '_train_distribute': None, '_device_fn': None, '_protocol': None, '_eval_distribute': None, '_experimental_distribute': None, '_experimental_max_worker_delay_secs': None, '_session_creation_timeout_secs': 7200, '_service': None, '_cluster_spec': ClusterSpec({}), '_task_type': 'worker', '_task_id': 0, '_global_id_in_cluster': 0, '_master': '', '_evaluation_master': '', '_is_chief': True, '_num_ps_replicas': 0, '_num_worker_replicas': 1}
INFO:tensorflow:Using config: {'_model_dir': 'models/efficientdet-d0/', '_tf_random_seed': None, '_save_summary_steps': 100, '_save_checkpoints_steps': 100, '_save_checkpoints_secs': None, '_session_config': allow_soft_placement: true
, '_keep_checkpoint_max': 5, '_keep_checkpoint_every_n_hours': 10000, '_log_step_count_steps': 100, '_train_distribute': None, '_device_fn': None, '_protocol': None, '_eval_distribute': None, '_experimental_distribute': None, '_experimental_max_worker_delay_secs': None, '_session_creation_timeout_secs': 7200, '_service': None, '_cluster_spec': ClusterSpec({}), '_task_type': 'worker', '_task_id': 0, '_global_id_in_cluster': 0, '_master': '', '_evaluation_master': '', '_is_chief': True, '_num_ps_replicas': 0, '_num_worker_replicas': 1}
I1106 02:38:22.142728 107564 estimator.py:191] Using config: {'_model_dir': 'models/efficientdet-d0/', '_tf_random_seed': None, '_save_summary_steps': 100, '_save_checkpoints_steps': 100, '_save_checkpoints_secs': None, '_session_config': allow_soft_placement: true
, '_keep_checkpoint_max': 5, '_keep_checkpoint_every_n_hours': 10000, '_log_step_count_steps': 100, '_train_distribute': None, '_device_fn': None, '_protocol': None, '_eval_distribute': None, '_experimental_distribute': None, '_experimental_max_worker_delay_secs': None, '_session_creation_timeout_secs': 7200, '_service': None, '_cluster_spec': ClusterSpec({}), '_task_type': 'worker', '_task_id': 0, '_global_id_in_cluster': 0, '_master': '', '_evaluation_master': '', '_is_chief': True, '_num_ps_replicas': 0, '_num_worker_replicas': 1}
INFO:tensorflow:Waiting for new checkpoint at models/efficientdet-d0/
I1106 02:38:22.142728 107564 checkpoint_utils.py:125] Waiting for new checkpoint at models/efficientdet-d0/
INFO:tensorflow:Found new checkpoint at models/efficientdet-d0/model
I1106 02:38:22.142728 107564 checkpoint_utils.py:134] Found new checkpoint at models/efficientdet-d0/model
I1106 02:38:22.142728 107564 main.py:308] Starting to evaluate.
2020-11-06 02:38:22.278806: I tensorflow/stream_executor/platform/default/dso_loader.cc:48] Successfully opened dynamic library nvcuda.dll
2020-11-06 02:38:22.302222: I tensorflow/core/common_runtime/gpu/gpu_device.cc:1716] Found device 0 with properties:
pciBusID: 0000:01:00.0 name: GeForce GTX 970 computeCapability: 5.2
coreClock: 1.342GHz coreCount: 13 deviceMemorySize: 4.00GiB deviceMemoryBandwidth: 211.48GiB/s
2020-11-06 02:38:22.304896: W tensorflow/stream_executor/platform/default/dso_loader.cc:59] Could not load dynamic library 'cudart64_101.dll'; dlerror: cudart64_101.dll not found
2020-11-06 02:38:22.307523: W tensorflow/stream_executor/platform/default/dso_loader.cc:59] Could not load dynamic library 'cublas64_10.dll'; dlerror: cublas64_10.dll not found
2020-11-06 02:38:22.310026: W tensorflow/stream_executor/platform/default/dso_loader.cc:59] Could not load dynamic library 'cufft64_10.dll'; dlerror: cufft64_10.dll not found
2020-11-06 02:38:22.312491: W tensorflow/stream_executor/platform/default/dso_loader.cc:59] Could not load dynamic library 'curand64_10.dll'; dlerror: curand64_10.dll not found
2020-11-06 02:38:22.315095: W tensorflow/stream_executor/platform/default/dso_loader.cc:59] Could not load dynamic library 'cusolver64_10.dll'; dlerror: cusolver64_10.dll not found
2020-11-06 02:38:22.321481: W tensorflow/stream_executor/platform/default/dso_loader.cc:59] Could not load dynamic library 'cusparse64_10.dll'; dlerror: cusparse64_10.dll not found
2020-11-06 02:38:22.323995: W tensorflow/stream_executor/platform/default/dso_loader.cc:59] Could not load dynamic library 'cudnn64_7.dll'; dlerror: cudnn64_7.dll not found
2020-11-06 02:38:22.324182: W tensorflow/core/common_runtime/gpu/gpu_device.cc:1753] Cannot dlopen some GPU libraries. Please make sure the missing libraries mentioned above are installed properly if you would like to use GPU. Follow the guide at https://www.tensorflow.org/install/gpu for how to download and setup the required libraries for your platform.
Skipping registering GPU devices...
INFO:tensorflow:Calling model_fn.
I1106 02:38:22.611386 107564 estimator.py:1162] Calling model_fn.
I1106 02:38:22.627006 107564 efficientnet_builder.py:215] global_params= GlobalParams(batch_norm_momentum=0.99, batch_norm_epsilon=0.001, dropout_rate=0.2, data_format='channels_last', num_classes=1000, width_coefficient=1.0, depth_coefficient=1.0, depth_divisor=8, min_depth=None, survival_prob=0.0, relu_fn=functools.partial(<function activation_fn at 0x0000020EBFF3ED90>, act_type='swish'), batch_norm=<class 'utils.BatchNormalization'>, use_se=True, local_pooling=None, condconv_num_experts=None, clip_projection_output=False, blocks_args=['r1_k3_s11_e1_i32_o16_se0.25', 'r2_k3_s22_e6_i16_o24_se0.25', 'r2_k5_s22_e6_i24_o40_se0.25', 'r3_k3_s22_e6_i40_o80_se0.25', 'r3_k5_s11_e6_i80_o112_se0.25', 'r4_k5_s22_e6_i112_o192_se0.25', 'r1_k3_s11_e6_i192_o320_se0.25'], fix_head_stem=None)
I1106 02:38:22.814464 107564 efficientdet_keras.py:696] fnode 0 : {'feat_level': 6, 'inputs_offsets': [3, 4]}
I1106 02:38:22.814464 107564 efficientdet_keras.py:696] fnode 1 : {'feat_level': 5, 'inputs_offsets': [2, 5]}
I1106 02:38:22.814464 107564 efficientdet_keras.py:696] fnode 2 : {'feat_level': 4, 'inputs_offsets': [1, 6]}
I1106 02:38:22.814464 107564 efficientdet_keras.py:696] fnode 3 : {'feat_level': 3, 'inputs_offsets': [0, 7]}
I1106 02:38:22.830059 107564 efficientdet_keras.py:696] fnode 4 : {'feat_level': 4, 'inputs_offsets': [1, 7, 8]}
I1106 02:38:22.830059 107564 efficientdet_keras.py:696] fnode 5 : {'feat_level': 5, 'inputs_offsets': [2, 6, 9]}
I1106 02:38:22.830059 107564 efficientdet_keras.py:696] fnode 6 : {'feat_level': 6, 'inputs_offsets': [3, 5, 10]}
I1106 02:38:22.830059 107564 efficientdet_keras.py:696] fnode 7 : {'feat_level': 7, 'inputs_offsets': [4, 11]}
I1106 02:38:22.830059 107564 efficientdet_keras.py:696] fnode 0 : {'feat_level': 6, 'inputs_offsets': [3, 4]}
I1106 02:38:22.830059 107564 efficientdet_keras.py:696] fnode 1 : {'feat_level': 5, 'inputs_offsets': [2, 5]}
I1106 02:38:22.830059 107564 efficientdet_keras.py:696] fnode 2 : {'feat_level': 4, 'inputs_offsets': [1, 6]}
I1106 02:38:22.830059 107564 efficientdet_keras.py:696] fnode 3 : {'feat_level': 3, 'inputs_offsets': [0, 7]}
I1106 02:38:22.830059 107564 efficientdet_keras.py:696] fnode 4 : {'feat_level': 4, 'inputs_offsets': [1, 7, 8]}
I1106 02:38:22.830059 107564 efficientdet_keras.py:696] fnode 5 : {'feat_level': 5, 'inputs_offsets': [2, 6, 9]}
I1106 02:38:22.830059 107564 efficientdet_keras.py:696] fnode 6 : {'feat_level': 6, 'inputs_offsets': [3, 5, 10]}
I1106 02:38:22.830059 107564 efficientdet_keras.py:696] fnode 7 : {'feat_level': 7, 'inputs_offsets': [4, 11]}
I1106 02:38:22.830059 107564 efficientdet_keras.py:696] fnode 0 : {'feat_level': 6, 'inputs_offsets': [3, 4]}
I1106 02:38:22.830059 107564 efficientdet_keras.py:696] fnode 1 : {'feat_level': 5, 'inputs_offsets': [2, 5]}
I1106 02:38:22.830059 107564 efficientdet_keras.py:696] fnode 2 : {'feat_level': 4, 'inputs_offsets': [1, 6]}
I1106 02:38:22.830059 107564 efficientdet_keras.py:696] fnode 3 : {'feat_level': 3, 'inputs_offsets': [0, 7]}
I1106 02:38:22.830059 107564 efficientdet_keras.py:696] fnode 4 : {'feat_level': 4, 'inputs_offsets': [1, 7, 8]}
I1106 02:38:22.830059 107564 efficientdet_keras.py:696] fnode 5 : {'feat_level': 5, 'inputs_offsets': [2, 6, 9]}
I1106 02:38:22.845676 107564 efficientdet_keras.py:696] fnode 6 : {'feat_level': 6, 'inputs_offsets': [3, 5, 10]}
I1106 02:38:22.845676 107564 efficientdet_keras.py:696] fnode 7 : {'feat_level': 7, 'inputs_offsets': [4, 11]}
I1106 02:38:22.908165 107564 efficientnet_model.py:717] Built stem stem : (1, 256, 256, 32)
I1106 02:38:22.923817 107564 efficientnet_model.py:372] Block blocks_0 input shape: (1, 256, 256, 32)
I1106 02:38:22.939431 107564 efficientnet_model.py:391] DWConv shape: (1, 256, 256, 32)
I1106 02:38:22.955025 107564 efficientnet_model.py:195] Built SE se : (1, 1, 1, 32)
I1106 02:38:22.970681 107564 efficientnet_model.py:412] Project shape: (1, 256, 256, 16)
I1106 02:38:22.970681 107564 efficientnet_model.py:372] Block blocks_1 input shape: (1, 256, 256, 16)
I1106 02:38:22.986319 107564 efficientnet_model.py:388] Expand shape: (1, 256, 256, 96)
I1106 02:38:23.001920 107564 efficientnet_model.py:391] DWConv shape: (1, 128, 128, 96)
I1106 02:38:23.033154 107564 efficientnet_model.py:195] Built SE se : (1, 1, 1, 96)
I1106 02:38:23.048785 107564 efficientnet_model.py:412] Project shape: (1, 128, 128, 24)
I1106 02:38:23.048785 107564 efficientnet_model.py:372] Block blocks_2 input shape: (1, 128, 128, 24)
I1106 02:38:23.095645 107564 efficientnet_model.py:388] Expand shape: (1, 128, 128, 144)
I1106 02:38:23.126860 107564 efficientnet_model.py:391] DWConv shape: (1, 128, 128, 144)
I1106 02:38:23.142503 107564 efficientnet_model.py:195] Built SE se : (1, 1, 1, 144)
I1106 02:38:23.158129 107564 efficientnet_model.py:412] Project shape: (1, 128, 128, 24)
I1106 02:38:23.158129 107564 efficientnet_model.py:372] Block blocks_3 input shape: (1, 128, 128, 24)
I1106 02:38:23.173752 107564 efficientnet_model.py:388] Expand shape: (1, 128, 128, 144)
I1106 02:38:23.204968 107564 efficientnet_model.py:391] DWConv shape: (1, 64, 64, 144)
I1106 02:38:23.220588 107564 efficientnet_model.py:195] Built SE se : (1, 1, 1, 144)
I1106 02:38:23.236237 107564 efficientnet_model.py:412] Project shape: (1, 64, 64, 40)
I1106 02:38:23.236237 107564 efficientnet_model.py:372] Block blocks_4 input shape: (1, 64, 64, 40)
I1106 02:38:23.251864 107564 efficientnet_model.py:388] Expand shape: (1, 64, 64, 240)
I1106 02:38:23.267453 107564 efficientnet_model.py:391] DWConv shape: (1, 64, 64, 240)
I1106 02:38:23.298727 107564 efficientnet_model.py:195] Built SE se : (1, 1, 1, 240)
I1106 02:38:23.314340 107564 efficientnet_model.py:412] Project shape: (1, 64, 64, 40)
I1106 02:38:23.314340 107564 efficientnet_model.py:372] Block blocks_5 input shape: (1, 64, 64, 40)
I1106 02:38:23.329961 107564 efficientnet_model.py:388] Expand shape: (1, 64, 64, 240)
I1106 02:38:23.345578 107564 efficientnet_model.py:391] DWConv shape: (1, 32, 32, 240)
I1106 02:38:23.361180 107564 efficientnet_model.py:195] Built SE se : (1, 1, 1, 240)
I1106 02:38:23.376829 107564 efficientnet_model.py:412] Project shape: (1, 32, 32, 80)
I1106 02:38:23.376829 107564 efficientnet_model.py:372] Block blocks_6 input shape: (1, 32, 32, 80)
I1106 02:38:23.408071 107564 efficientnet_model.py:388] Expand shape: (1, 32, 32, 480)
I1106 02:38:23.423666 107564 efficientnet_model.py:391] DWConv shape: (1, 32, 32, 480)
I1106 02:38:23.439692 107564 efficientnet_model.py:195] Built SE se : (1, 1, 1, 480)
I1106 02:38:23.455342 107564 efficientnet_model.py:412] Project shape: (1, 32, 32, 80)
I1106 02:38:23.455342 107564 efficientnet_model.py:372] Block blocks_7 input shape: (1, 32, 32, 80)
I1106 02:38:23.470963 107564 efficientnet_model.py:388] Expand shape: (1, 32, 32, 480)
I1106 02:38:23.486589 107564 efficientnet_model.py:391] DWConv shape: (1, 32, 32, 480)
I1106 02:38:23.517801 107564 efficientnet_model.py:195] Built SE se : (1, 1, 1, 480)
I1106 02:38:23.533423 107564 efficientnet_model.py:412] Project shape: (1, 32, 32, 80)
I1106 02:38:23.533423 107564 efficientnet_model.py:372] Block blocks_8 input shape: (1, 32, 32, 80)
I1106 02:38:23.549071 107564 efficientnet_model.py:388] Expand shape: (1, 32, 32, 480)
I1106 02:38:23.580286 107564 efficientnet_model.py:391] DWConv shape: (1, 32, 32, 480)
I1106 02:38:23.611541 107564 efficientnet_model.py:195] Built SE se : (1, 1, 1, 480)
I1106 02:38:23.627176 107564 efficientnet_model.py:412] Project shape: (1, 32, 32, 112)
I1106 02:38:23.627176 107564 efficientnet_model.py:372] Block blocks_9 input shape: (1, 32, 32, 112)
I1106 02:38:23.642799 107564 efficientnet_model.py:388] Expand shape: (1, 32, 32, 672)
I1106 02:38:23.658418 107564 efficientnet_model.py:391] DWConv shape: (1, 32, 32, 672)
I1106 02:38:23.688673 107564 efficientnet_model.py:195] Built SE se : (1, 1, 1, 672)
I1106 02:38:23.707598 107564 efficientnet_model.py:412] Project shape: (1, 32, 32, 112)
I1106 02:38:23.707598 107564 efficientnet_model.py:372] Block blocks_10 input shape: (1, 32, 32, 112)
I1106 02:38:23.729560 107564 efficientnet_model.py:388] Expand shape: (1, 32, 32, 672)
I1106 02:38:23.748514 107564 efficientnet_model.py:391] DWConv shape: (1, 32, 32, 672)
I1106 02:38:23.777409 107564 efficientnet_model.py:195] Built SE se : (1, 1, 1, 672)
I1106 02:38:23.802343 107564 efficientnet_model.py:412] Project shape: (1, 32, 32, 112)
I1106 02:38:23.803340 107564 efficientnet_model.py:372] Block blocks_11 input shape: (1, 32, 32, 112)
I1106 02:38:23.825302 107564 efficientnet_model.py:388] Expand shape: (1, 32, 32, 672)
I1106 02:38:23.846247 107564 efficientnet_model.py:391] DWConv shape: (1, 16, 16, 672)
I1106 02:38:23.870162 107564 efficientnet_model.py:195] Built SE se : (1, 1, 1, 672)
I1106 02:38:23.888134 107564 efficientnet_model.py:412] Project shape: (1, 16, 16, 192)
I1106 02:38:23.889116 107564 efficientnet_model.py:372] Block blocks_12 input shape: (1, 16, 16, 192)
I1106 02:38:23.918035 107564 efficientnet_model.py:388] Expand shape: (1, 16, 16, 1152)
I1106 02:38:23.940972 107564 efficientnet_model.py:391] DWConv shape: (1, 16, 16, 1152)
I1106 02:38:23.962914 107564 efficientnet_model.py:195] Built SE se : (1, 1, 1, 1152)
I1106 02:38:23.979899 107564 efficientnet_model.py:412] Project shape: (1, 16, 16, 192)
I1106 02:38:23.980867 107564 efficientnet_model.py:372] Block blocks_13 input shape: (1, 16, 16, 192)
I1106 02:38:24.003831 107564 efficientnet_model.py:388] Expand shape: (1, 16, 16, 1152)
I1106 02:38:24.017851 107564 efficientnet_model.py:391] DWConv shape: (1, 16, 16, 1152)
I1106 02:38:24.033501 107564 efficientnet_model.py:195] Built SE se : (1, 1, 1, 1152)
I1106 02:38:24.064716 107564 efficientnet_model.py:412] Project shape: (1, 16, 16, 192)
I1106 02:38:24.064716 107564 efficientnet_model.py:372] Block blocks_14 input shape: (1, 16, 16, 192)
I1106 02:38:24.095960 107564 efficientnet_model.py:388] Expand shape: (1, 16, 16, 1152)
I1106 02:38:24.111608 107564 efficientnet_model.py:391] DWConv shape: (1, 16, 16, 1152)
I1106 02:38:24.127228 107564 efficientnet_model.py:195] Built SE se : (1, 1, 1, 1152)
I1106 02:38:24.142824 107564 efficientnet_model.py:412] Project shape: (1, 16, 16, 192)
I1106 02:38:24.142824 107564 efficientnet_model.py:372] Block blocks_15 input shape: (1, 16, 16, 192)
I1106 02:38:24.174067 107564 efficientnet_model.py:388] Expand shape: (1, 16, 16, 1152)
I1106 02:38:24.189687 107564 efficientnet_model.py:391] DWConv shape: (1, 16, 16, 1152)
I1106 02:38:24.220956 107564 efficientnet_model.py:195] Built SE se : (1, 1, 1, 1152)
I1106 02:38:24.236578 107564 efficientnet_model.py:412] Project shape: (1, 16, 16, 320)
I1106 02:38:26.205402 107564 det_model_fn.py:76] LR schedule method: cosine
I1106 02:38:26.424069 107564 postprocess.py:85] use max_nms_inputs for pre-nms topk.
I1106 02:38:26.502561 107564 det_model_fn.py:520] Eval val with groudtruths data/annotations/ILSVRC2014_val-mod.json.
I1106 02:38:26.721255 107564 det_model_fn.py:597] Load EMA vars with ema_decay=0.999800
INFO:tensorflow:Done calling model_fn.
I1106 02:38:27.111787 107564 estimator.py:1164] Done calling model_fn.
INFO:tensorflow:Starting evaluation at 2020-11-06T02:38:27Z
I1106 02:38:27.127411 107564 evaluation.py:255] Starting evaluation at 2020-11-06T02:38:27Z
INFO:tensorflow:Graph was finalized.
I1106 02:38:27.392962 107564 monitored_session.py:246] Graph was finalized.
2020-11-06 02:38:27.406966: I tensorflow/core/platform/cpu_feature_guard.cc:142] This TensorFlow binary is optimized with oneAPI Deep Neural Network Library (oneDNN)to use the following CPU instructions in performance-critical operations:  AVX2
To enable them in other operations, rebuild TensorFlow with the appropriate compiler flags.
2020-11-06 02:38:27.416108: I tensorflow/compiler/xla/service/service.cc:168] XLA service 0x20ec4e2e740 initialized for platform Host (this does not guarantee that XLA will be used). Devices:
2020-11-06 02:38:27.416362: I tensorflow/compiler/xla/service/service.cc:176]   StreamExecutor device (0): Host, Default Version
2020-11-06 02:38:27.417246: I tensorflow/core/common_runtime/gpu/gpu_device.cc:1716] Found device 0 with properties:
pciBusID: 0000:01:00.0 name: GeForce GTX 970 computeCapability: 5.2
coreClock: 1.342GHz coreCount: 13 deviceMemorySize: 4.00GiB deviceMemoryBandwidth: 211.48GiB/s
2020-11-06 02:38:27.421436: W tensorflow/stream_executor/platform/default/dso_loader.cc:59] Could not load dynamic library 'cudart64_101.dll'; dlerror: cudart64_101.dll not found
2020-11-06 02:38:27.423888: W tensorflow/stream_executor/platform/default/dso_loader.cc:59] Could not load dynamic library 'cublas64_10.dll'; dlerror: cublas64_10.dll not found
2020-11-06 02:38:27.427175: W tensorflow/stream_executor/platform/default/dso_loader.cc:59] Could not load dynamic library 'cufft64_10.dll'; dlerror: cufft64_10.dll not found
2020-11-06 02:38:27.432190: W tensorflow/stream_executor/platform/default/dso_loader.cc:59] Could not load dynamic library 'curand64_10.dll'; dlerror: curand64_10.dll not found
2020-11-06 02:38:27.434873: W tensorflow/stream_executor/platform/default/dso_loader.cc:59] Could not load dynamic library 'cusolver64_10.dll'; dlerror: cusolver64_10.dll not found
2020-11-06 02:38:27.437342: W tensorflow/stream_executor/platform/default/dso_loader.cc:59] Could not load dynamic library 'cusparse64_10.dll'; dlerror: cusparse64_10.dll not found
2020-11-06 02:38:27.439766: W tensorflow/stream_executor/platform/default/dso_loader.cc:59] Could not load dynamic library 'cudnn64_7.dll'; dlerror: cudnn64_7.dll not found
2020-11-06 02:38:27.440026: W tensorflow/core/common_runtime/gpu/gpu_device.cc:1753] Cannot dlopen some GPU libraries. Please make sure the missing libraries mentioned above are installed properly if you would like to use GPU. Follow the guide at https://www.tensorflow.org/install/gpu for how to download and setup the required libraries for your platform.
Skipping registering GPU devices...
2020-11-06 02:38:27.518635: I tensorflow/core/common_runtime/gpu/gpu_device.cc:1257] Device interconnect StreamExecutor with strength 1 edge matrix:
2020-11-06 02:38:27.518828: I tensorflow/core/common_runtime/gpu/gpu_device.cc:1263]      0
2020-11-06 02:38:27.520853: I tensorflow/core/common_runtime/gpu/gpu_device.cc:1276] 0:   N
2020-11-06 02:38:27.523706: I tensorflow/compiler/xla/service/service.cc:168] XLA service 0x20ecdf01ef0 initialized for platform CUDA (this does not guarantee that XLA will be used). Devices:
2020-11-06 02:38:27.523840: I tensorflow/compiler/xla/service/service.cc:176]   StreamExecutor device (0): GeForce GTX 970, Compute Capability 5.2
INFO:tensorflow:Restoring parameters from models/efficientdet-d0/model
I1106 02:38:27.518231 107564 saver.py:1293] Restoring parameters from models/efficientdet-d0/model
INFO:tensorflow:Running local_init_op.
I1106 02:38:28.533900 107564 session_manager.py:505] Running local_init_op.
INFO:tensorflow:Done running local_init_op.
I1106 02:38:28.612010 107564 session_manager.py:508] Done running local_init_op.
INFO:tensorflow:Evaluation [2012/20120]
I1106 02:47:58.019775 107564 evaluation.py:167] Evaluation [2012/20120]
INFO:tensorflow:Evaluation [4024/20120]
I1106 02:57:58.639892 107564 evaluation.py:167] Evaluation [4024/20120]
INFO:tensorflow:Evaluation [6036/20120]
I1106 03:08:17.854165 107564 evaluation.py:167] Evaluation [6036/20120]
INFO:tensorflow:Evaluation [8048/20120]
I1106 03:17:37.972081 107564 evaluation.py:167] Evaluation [8048/20120]
INFO:tensorflow:Evaluation [10060/20120]
I1106 03:27:05.174651 107564 evaluation.py:167] Evaluation [10060/20120]
INFO:tensorflow:Evaluation [12072/20120]
I1106 03:36:30.648618 107564 evaluation.py:167] Evaluation [12072/20120]
INFO:tensorflow:Evaluation [14084/20120]
I1106 03:46:16.663124 107564 evaluation.py:167] Evaluation [14084/20120]
INFO:tensorflow:Evaluation [16096/20120]
I1106 03:56:01.438813 107564 evaluation.py:167] Evaluation [16096/20120]
INFO:tensorflow:Evaluation [18108/20120]
I1106 04:05:25.386130 107564 evaluation.py:167] Evaluation [18108/20120]
INFO:tensorflow:Evaluation [20120/20120]
I1106 04:14:58.434582 107564 evaluation.py:167] Evaluation [20120/20120]
loading annotations into memory...
Done (t=0.83s)
creating index...
index created!
Loading and preparing results...
Converting ndarray to lists...
(2012000, 7)
0/2012000
1000000/2012000
2000000/2012000
DONE (t=8.49s)
creating index...
index created!
Running per image evaluation...
Evaluate annotation type *bbox*
DONE (t=221.82s).
Accumulating evaluation results...
DONE (t=77.66s).
 Average Precision  (AP) @[ IoU=0.50:0.95 | area=   all | maxDets=100 ] = 0.049
 Average Precision  (AP) @[ IoU=0.50      | area=   all | maxDets=100 ] = 0.071
 Average Precision  (AP) @[ IoU=0.75      | area=   all | maxDets=100 ] = 0.054
 Average Precision  (AP) @[ IoU=0.50:0.95 | area= small | maxDets=100 ] = 0.006
 Average Precision  (AP) @[ IoU=0.50:0.95 | area=medium | maxDets=100 ] = 0.035
 Average Precision  (AP) @[ IoU=0.50:0.95 | area= large | maxDets=100 ] = 0.061
 Average Recall     (AR) @[ IoU=0.50:0.95 | area=   all | maxDets=  1 ] = 0.061
 Average Recall     (AR) @[ IoU=0.50:0.95 | area=   all | maxDets= 10 ] = 0.099
 Average Recall     (AR) @[ IoU=0.50:0.95 | area=   all | maxDets=100 ] = 0.103
 Average Recall     (AR) @[ IoU=0.50:0.95 | area= small | maxDets=100 ] = 0.030
 Average Recall     (AR) @[ IoU=0.50:0.95 | area=medium | maxDets=100 ] = 0.079
 Average Recall     (AR) @[ IoU=0.50:0.95 | area= large | maxDets=100 ] = 0.125
INFO:tensorflow:Inference Time : 6110.96920s
I1106 04:20:18.096616 107564 evaluation.py:273] Inference Time : 6110.96920s
INFO:tensorflow:Finished evaluation at 2020-11-06-04:20:18
I1106 04:20:18.096616 107564 evaluation.py:276] Finished evaluation at 2020-11-06-04:20:18
INFO:tensorflow:Saving dict for global step 0: AP = 0.049148254, AP50 = 0.07091737, AP75 = 0.053920534, AP_/accordion = 0.0, AP_/airplane = 0.40113068, AP_/ant = 3.655543e-05, AP_/antelope = 0.0, AP_/apple = 0.18956655, AP_/armadillo = 5.4138527e-05, AP_/artichoke = 0.0, AP_/axe = 7.393241e-06, AP_/baby bed = 0.00016147074, AP_/backpack = 0.10593935, AP_/bagel = 0.0, AP_/balance beam = 0.0, AP_/banana = 0.09528907, AP_/band aid = 0.00010012683, AP_/banjo = 0.0, AP_/baseball = 0.0, AP_/basketball = 4.5718857e-06, AP_/bathing cap = 1.2873575e-05, AP_/beaker = 0.0, AP_/bear = 0.34465677, AP_/bee = 6.390979e-07, AP_/bell pepper = 5.189624e-05, AP_/bench = 0.15321627, AP_/bicycle = 0.34831065, AP_/binder = 0.0, AP_/bird = 0.5726583, AP_/bookshelf = 0.0, AP_/bow = 0.0, AP_/bow tie = 4.1156136e-06, AP_/bowl = 0.28233412, AP_/brassiere = 5.4613014e-05, AP_/burrito = 0.0, AP_/bus = 0.5913976, AP_/butterfly = 0.0034280405, AP_/camel = 8.341188e-07, AP_/can opener = 0.0028281386, AP_/car = 0.3754409, AP_/cart = 9.024395e-06, AP_/cattle = 0.0, AP_/cello = 0.00016187155, AP_/centipede = 7.819839e-05, AP_/chain saw = 0.0001801587, AP_/chair = 0.26538157, AP_/chime = 0.00030278505, AP_/cocktail shaker = 0.0, AP_/coffee maker = 1.37847255e-05, AP_/computer keyboard = 1.15453e-06, AP_/computer mouse = 8.695249e-07, AP_/corkscrew = 0.0011916897, AP_/cream = 0.0013235467, AP_/croquet ball = 0.0, AP_/crutch = 3.2871812e-06, AP_/cucumber = 0.0, AP_/cup or mug = 0.001347988, AP_/diaper = 0.0, AP_/digital clock = 1.2835806e-06, AP_/dishwasher = 0.0, AP_/dog = 0.67846423, AP_/domestic cat = 0.0, AP_/dragonfly = 5.1165094e-05, AP_/drum = 0.00049850205, AP_/dumbbell = 4.4889584e-05, AP_/electric fan = 2.3696382e-05, AP_/elephant = 0.5469259, AP_/face powder = 9.4344205e-06, AP_/fig = 0.0, AP_/filing cabinet = 7.076362e-05, AP_/flower pot = 0.0, AP_/flute = 0.0, AP_/fox = 0.0007636947, AP_/french horn = 0.0, AP_/frog = 1.3000568e-05, AP_/frying pan = 0.0, AP_/giant panda = 2.7082717e-06, AP_/goldfish = 1.2795e-05, AP_/golf ball = 2.0710559e-05, AP_/golfcart = 0.0, AP_/guacamole = 0.0, AP_/guitar = 4.535608e-06, AP_/hair dryer = 0.0, AP_/hair spray = 1.0447981e-05, AP_/hamburger = 0.0, AP_/hammer = 0.0, AP_/hamster = 1.3597393e-05, AP_/harmonica = 0.00016592779, AP_/harp = 1.7252449e-05, AP_/hat with a wide brim = 4.706307e-05, AP_/head cabbage = 6.6705354e-05, AP_/helmet = 0.0007625583, AP_/hippopotamus = 0.0, AP_/horizontal bar = 0.0, AP_/horse = 0.3988607, AP_/hotdog = 0.0, AP_/iPod = 0.0, AP_/isopod = 0.0, AP_/jellyfish = 0.0, AP_/koala bear = 0.0, AP_/ladle = 0.0, AP_/ladybug = 0.0, AP_/lamp = 0.0, AP_/laptop = 0.5033356, AP_/lemon = 0.0, AP_/lion = 0.0, AP_/lipstick = 0.0, AP_/lizard = 0.0, AP_/lobster = 0.0, AP_/maillot = 0.0, AP_/maraca = 0.0, AP_/microphone = 0.0, AP_/microwave = 0.36378345, AP_/milk can = 0.0, AP_/miniskirt = 0.0, AP_/monkey = 0.0, AP_/motorcycle = 0.35684195, AP_/mushroom = 0.0, AP_/nail = 0.0, AP_/neck brace = 0.0, AP_/oboe = 0.0, AP_/orange = 0.22609465, AP_/otter = 0.0, AP_/pencil box = 0.0, AP_/pencil sharpener = 0.0, AP_/perfume = 0.0, AP_/person = 0.47457013, AP_/piano = 0.0, AP_/pineapple = 0.0, AP_/ping-pong ball = 0.0, AP_/pitcher = 0.0, AP_/pizza = 0.3094599, AP_/plastic bag = 0.0, AP_/plate rack = 0.0, AP_/pomegranate = 0.0, AP_/popsicle = 0.0, AP_/porcupine = 0.0, AP_/power drill = 0.0, AP_/pretzel = 0.0, AP_/printer = 0.0, AP_/puck = 0.0, AP_/punching bag = 0.0, AP_/purse = 0.0, AP_/rabbit = 0.0, AP_/racket = 0.0, AP_/ray = 0.0, AP_/red panda = 0.0, AP_/refrigerator = 0.29207715, AP_/remote control = 0.0, AP_/rubber eraser = 0.0, AP_/rugby ball = 0.0, AP_/ruler = 0.0, AP_/salt or pepper shaker = 0.0, AP_/saxophone = 0.0, AP_/scorpion = 0.0, AP_/screwdriver = 0.0, AP_/seal = 0.0, AP_/sheep = 0.34082356, AP_/ski = 0.0, AP_/skunk = 0.0, AP_/snail = 0.0, AP_/snake = 0.0, AP_/snowmobile = 0.0, AP_/snowplow = 0.0, AP_/soap dispenser = 0.0, AP_/soccer ball = 0.0, AP_/sofa = 0.0, AP_/spatula = 0.0, AP_/squirrel = 0.0, AP_/starfish = 0.0, AP_/stethoscope = 0.0, AP_/stove = 0.0, AP_/strainer = 0.0, AP_/strawberry = 0.0, AP_/stretcher = 0.0, AP_/sunglasses = 0.0, AP_/swimming trunks = 0.0, AP_/swine = 0.0, AP_/syringe = 0.0, AP_/table = 0.0, AP_/tape player = 0.0, AP_/tennis ball = 0.0, AP_/tick = 0.0, AP_/tie = 0.093178794, AP_/tiger = 0.0, AP_/toaster = 0.10608435, AP_/traffic light = 0.2668376, AP_/train = 0.58981186, AP_/trombone = 0.0, AP_/trumpet = 0.0, AP_/turtle = 0.0, AP_/tv or monitor = 0.0, AP_/unicycle = 0.0, AP_/vacuum = 0.0, AP_/violin = 0.0, AP_/volleyball = 0.0, AP_/waffle iron = 0.0, AP_/washer = 0.0, AP_/water bottle = 0.0, AP_/watercraft = 0.0, AP_/whale = 0.0, AP_/wine bottle = 0.0, AP_/zebra = 0.5432187, APl = 0.061417613, APm = 0.034702223, APs = 0.0060564107, ARl = 0.124873735, ARm = 0.0790323, ARmax1 = 0.060937535, ARmax10 = 0.0991557, ARmax100 = 0.10270826, ARs = 0.030311687, box_loss = 0.0, cls_loss = 4.5277176, global_step = 0, loss = 4.622868
I1106 04:20:18.127859 107564 estimator.py:2063] Saving dict for global step 0: AP = 0.049148254, AP50 = 0.07091737, AP75 = 0.053920534, AP_/accordion = 0.0, AP_/airplane = 0.40113068, AP_/ant = 3.655543e-05, AP_/antelope = 0.0, AP_/apple = 0.18956655, AP_/armadillo = 5.4138527e-05, AP_/artichoke = 0.0, AP_/axe = 7.393241e-06, AP_/baby bed = 0.00016147074, AP_/backpack = 0.10593935, AP_/bagel = 0.0, AP_/balance beam = 0.0, AP_/banana = 0.09528907, AP_/band aid = 0.00010012683, AP_/banjo = 0.0, AP_/baseball = 0.0, AP_/basketball = 4.5718857e-06, AP_/bathing cap = 1.2873575e-05, AP_/beaker = 0.0, AP_/bear = 0.34465677, AP_/bee = 6.390979e-07, AP_/bell pepper = 5.189624e-05, AP_/bench = 0.15321627, AP_/bicycle = 0.34831065, AP_/binder = 0.0, AP_/bird = 0.5726583, AP_/bookshelf = 0.0, AP_/bow = 0.0, AP_/bow tie = 4.1156136e-06, AP_/bowl = 0.28233412, AP_/brassiere = 5.4613014e-05, AP_/burrito = 0.0, AP_/bus = 0.5913976, AP_/butterfly = 0.0034280405, AP_/camel = 8.341188e-07, AP_/can opener = 0.0028281386, AP_/car = 0.3754409, AP_/cart = 9.024395e-06, AP_/cattle = 0.0, AP_/cello = 0.00016187155, AP_/centipede = 7.819839e-05, AP_/chain saw = 0.0001801587, AP_/chair = 0.26538157, AP_/chime = 0.00030278505, AP_/cocktail shaker = 0.0, AP_/coffee maker = 1.37847255e-05, AP_/computer keyboard = 1.15453e-06, AP_/computer mouse = 8.695249e-07, AP_/corkscrew = 0.0011916897, AP_/cream = 0.0013235467, AP_/croquet ball = 0.0, AP_/crutch = 3.2871812e-06, AP_/cucumber = 0.0, AP_/cup or mug = 0.001347988, AP_/diaper = 0.0, AP_/digital clock = 1.2835806e-06, AP_/dishwasher = 0.0, AP_/dog = 0.67846423, AP_/domestic cat = 0.0, AP_/dragonfly = 5.1165094e-05, AP_/drum = 0.00049850205, AP_/dumbbell = 4.4889584e-05, AP_/electric fan = 2.3696382e-05, AP_/elephant = 0.5469259, AP_/face powder = 9.4344205e-06, AP_/fig = 0.0, AP_/filing cabinet = 7.076362e-05, AP_/flower pot = 0.0, AP_/flute = 0.0, AP_/fox = 0.0007636947, AP_/french horn = 0.0, AP_/frog = 1.3000568e-05, AP_/frying pan = 0.0, AP_/giant panda = 2.7082717e-06, AP_/goldfish = 1.2795e-05, AP_/golf ball = 2.0710559e-05, AP_/golfcart = 0.0, AP_/guacamole = 0.0, AP_/guitar = 4.535608e-06, AP_/hair dryer = 0.0, AP_/hair spray = 1.0447981e-05, AP_/hamburger = 0.0, AP_/hammer = 0.0, AP_/hamster = 1.3597393e-05, AP_/harmonica = 0.00016592779, AP_/harp = 1.7252449e-05, AP_/hat with a wide brim = 4.706307e-05, AP_/head cabbage = 6.6705354e-05, AP_/helmet = 0.0007625583, AP_/hippopotamus = 0.0, AP_/horizontal bar = 0.0, AP_/horse = 0.3988607, AP_/hotdog = 0.0, AP_/iPod = 0.0, AP_/isopod = 0.0, AP_/jellyfish = 0.0, AP_/koala bear = 0.0, AP_/ladle = 0.0, AP_/ladybug = 0.0, AP_/lamp = 0.0, AP_/laptop = 0.5033356, AP_/lemon = 0.0, AP_/lion = 0.0, AP_/lipstick = 0.0, AP_/lizard = 0.0, AP_/lobster = 0.0, AP_/maillot = 0.0, AP_/maraca = 0.0, AP_/microphone = 0.0, AP_/microwave = 0.36378345, AP_/milk can = 0.0, AP_/miniskirt = 0.0, AP_/monkey = 0.0, AP_/motorcycle = 0.35684195, AP_/mushroom = 0.0, AP_/nail = 0.0, AP_/neck brace = 0.0, AP_/oboe = 0.0, AP_/orange = 0.22609465, AP_/otter = 0.0, AP_/pencil box = 0.0, AP_/pencil sharpener = 0.0, AP_/perfume = 0.0, AP_/person = 0.47457013, AP_/piano = 0.0, AP_/pineapple = 0.0, AP_/ping-pong ball = 0.0, AP_/pitcher = 0.0, AP_/pizza = 0.3094599, AP_/plastic bag = 0.0, AP_/plate rack = 0.0, AP_/pomegranate = 0.0, AP_/popsicle = 0.0, AP_/porcupine = 0.0, AP_/power drill = 0.0, AP_/pretzel = 0.0, AP_/printer = 0.0, AP_/puck = 0.0, AP_/punching bag = 0.0, AP_/purse = 0.0, AP_/rabbit = 0.0, AP_/racket = 0.0, AP_/ray = 0.0, AP_/red panda = 0.0, AP_/refrigerator = 0.29207715, AP_/remote control = 0.0, AP_/rubber eraser = 0.0, AP_/rugby ball = 0.0, AP_/ruler = 0.0, AP_/salt or pepper shaker = 0.0, AP_/saxophone = 0.0, AP_/scorpion = 0.0, AP_/screwdriver = 0.0, AP_/seal = 0.0, AP_/sheep = 0.34082356, AP_/ski = 0.0, AP_/skunk = 0.0, AP_/snail = 0.0, AP_/snake = 0.0, AP_/snowmobile = 0.0, AP_/snowplow = 0.0, AP_/soap dispenser = 0.0, AP_/soccer ball = 0.0, AP_/sofa = 0.0, AP_/spatula = 0.0, AP_/squirrel = 0.0, AP_/starfish = 0.0, AP_/stethoscope = 0.0, AP_/stove = 0.0, AP_/strainer = 0.0, AP_/strawberry = 0.0, AP_/stretcher = 0.0, AP_/sunglasses = 0.0, AP_/swimming trunks = 0.0, AP_/swine = 0.0, AP_/syringe = 0.0, AP_/table = 0.0, AP_/tape player = 0.0, AP_/tennis ball = 0.0, AP_/tick = 0.0, AP_/tie = 0.093178794, AP_/tiger = 0.0, AP_/toaster = 0.10608435, AP_/traffic light = 0.2668376, AP_/train = 0.58981186, AP_/trombone = 0.0, AP_/trumpet = 0.0, AP_/turtle = 0.0, AP_/tv or monitor = 0.0, AP_/unicycle = 0.0, AP_/vacuum = 0.0, AP_/violin = 0.0, AP_/volleyball = 0.0, AP_/waffle iron = 0.0, AP_/washer = 0.0, AP_/water bottle = 0.0, AP_/watercraft = 0.0, AP_/whale = 0.0, AP_/wine bottle = 0.0, AP_/zebra = 0.5432187, APl = 0.061417613, APm = 0.034702223, APs = 0.0060564107, ARl = 0.124873735, ARm = 0.0790323, ARmax1 = 0.060937535, ARmax10 = 0.0991557, ARmax100 = 0.10270826, ARs = 0.030311687, box_loss = 0.0, cls_loss = 4.5277176, global_step = 0, loss = 4.622868
INFO:tensorflow:Saving 'checkpoint_path' summary for global step 0: models/efficientdet-d0/model
I1106 04:20:19.964490 107564 estimator.py:2124] Saving 'checkpoint_path' summary for global step 0: models/efficientdet-d0/model
I1106 04:20:20.089543 107564 main.py:315] models/efficientdet-d0/model has no global step info: stop!
